
ff: parsing domain file
domain 'HOTELEROS' defined
 ... done.
ff: parsing problem file
problem 'P1BASE' defined
 ... done.


no metric specified. plan length assumed.

checking for cyclic := effects --- OK.

ff: search configuration is  best-first on 1*g(s) + 5*h(s) where
    metric is  plan length

advancing to distance:    1
                          0

ff: found legal plan as follows

step    0: FERRESERVA R0 A0
     

time spent:    0.00 seconds instantiating 0 easy, 1 hard action templates
               0.00 seconds reachability analysis, yielding 2 facts and 1 actions
               0.00 seconds creating final representation with 2 relevant facts, 0 relevant fluents
               0.00 seconds computing LNF
               0.00 seconds building connectivity graph
               0.00 seconds searching, evaluating 2 states, to a max depth of 0
               0.00 seconds total time

