8388608
ff: parsing domain file
domain 'HOTELEROS' defined
 ... done.
ff: parsing problem file
problem 'P1BASE' defined
 ... done.


metric established (normalized to minimize): ((1.00*[RF1](COST-RESERVES)) - () + 0.00)

checking for cyclic := effects --- OK.

ff: search configuration is  best-first on 1*g(s) + 5*h(s) where
    metric is ((1.00*[RF1](COST-RESERVES)) - () + 0.00)

advancing to distance:    3
                          2
                          1
                          0

ff: found legal plan as follows

step    0: NO-ASSIGNAT R0 R1
        1: ASSIGNA R1 R2 A0
        2: ASSIGNA R2 R0 A0


time spent:    0.00 seconds instantiating 6 easy, 0 hard action templates
               0.00 seconds reachability analysis, yielding 9 facts and 6 actions
               0.00 seconds creating final representation with 8 relevant facts, 5 relevant fluents
               0.00 seconds computing LNF
               0.00 seconds building connectivity graph
               0.00 seconds searching, evaluating 7 states, to a max depth of 0
               0.00 seconds total time
